[debug] [2020-09-16T14:25:04.485Z] ----------------------------------------------------------------------
[debug] [2020-09-16T14:25:04.493Z] Command:       C:\Program Files\nodejs\node.exe C:\Users\mrmro\AppData\Roaming\npm\node_modules\firebase-tools\lib\bin\firebase.js init
[debug] [2020-09-16T14:25:04.493Z] CLI Version:   8.10.0
[debug] [2020-09-16T14:25:04.493Z] Platform:      win32
[debug] [2020-09-16T14:25:04.493Z] Node Version:  v12.16.1
[debug] [2020-09-16T14:25:04.493Z] Time:          Wed Sep 16 2020 17:25:04 GMT+0300 (Arabian Standard Time)
[debug] [2020-09-16T14:25:04.493Z] ----------------------------------------------------------------------
[debug] [2020-09-16T14:25:04.493Z] 
[debug] [2020-09-16T14:25:04.517Z] > command requires scopes: ["email","openid","https://www.googleapis.com/auth/cloudplatformprojects.readonly","https://www.googleapis.com/auth/firebase","https://www.googleapis.com/auth/cloud-platform"]
[debug] [2020-09-16T14:25:04.517Z] > authorizing via signed-in user
[info] 
     ######## #### ########  ######## ########     ###     ######  ########
     ##        ##  ##     ## ##       ##     ##  ##   ##  ##       ##
     ######    ##  ########  ######   ########  #########  ######  ######
     ##        ##  ##    ##  ##       ##     ## ##     ##       ## ##
     ##       #### ##     ## ######## ########  ##     ##  ######  ########

You're about to initialize a Firebase project in this directory:

  C:\Users\mrmro\Desktop\reactapps\firebase-todo\firebase-todo

[info] 
=== Project Setup
[info] 
[info] First, let's associate this project directory with a Firebase project.
[info] You can create multiple project aliases by running firebase use --add, 
[info] but for now we'll just set up a default project.
[info] 
